TN:
SF:src/App.js
FN:3,App
FNF:1
FNH:1
FNDA:1,App
DA:4,1
LF:1
LH:1
BRF:0
BRH:0
end_of_record
TN:
SF:src/components/HVACIcons/index.js
FN:6,Image
FN:14,Heater
FN:21,AC
FNF:3
FNH:3
FNDA:23,Image
FNDA:4,Heater
FNDA:18,AC
DA:7,23
DA:15,4
DA:22,18
LF:3
LH:3
BRF:0
BRH:0
end_of_record
TN:
SF:src/components/HVACType/index.js
FN:1,HvacType
FNF:1
FNH:1
FNDA:20,HvacType
DA:2,20
LF:1
LH:1
BRF:0
BRH:0
end_of_record
TN:
SF:src/components/HVACWidget/index.js
FN:10,HVACWidget
FN:27,handleHVACTypeChange
FN:60,(anonymous_2)
FN:70,(anonymous_3)
FNF:4
FNH:4
FNDA:20,HVACWidget
FNDA:4,handleHVACTypeChange
FNDA:1,(anonymous_2)
FNDA:1,(anonymous_3)
DA:11,20
DA:12,20
DA:14,20
DA:18,20
DA:19,20
DA:28,4
DA:31,20
DA:60,1
DA:70,1
LF:9
LH:9
BRDA:33,0,0,3
BRDA:33,0,1,17
BRDA:41,1,0,20
BRDA:41,1,1,20
BRF:4
BRH:4
end_of_record
TN:
SF:src/components/Layout/index.js
FN:3,Layout
FNF:1
FNH:1
FNDA:2,Layout
DA:4,2
LF:1
LH:1
BRF:0
BRH:0
end_of_record
TN:
SF:src/components/Layout/Header/index.js
FN:3,Header
FNF:1
FNH:1
FNDA:3,Header
DA:4,3
LF:1
LH:1
BRF:0
BRH:0
end_of_record
TN:
SF:src/components/SelectDate/index.js
FN:3,SelectDate
FNF:1
FNH:1
FNDA:41,SelectDate
DA:4,41
LF:1
LH:1
BRF:0
BRH:0
end_of_record
TN:
SF:src/graphql/queries.js
FNF:0
FNH:0
DA:2,3
DA:9,3
LF:2
LH:2
BRF:0
BRH:0
end_of_record
TN:
SF:src/helpers/index.js
FN:1,formatDate
FN:7,appendZero
FNF:2
FNH:2
FNDA:80,formatDate
FNDA:160,appendZero
DA:2,80
DA:3,80
DA:4,80
DA:8,160
LF:4
LH:4
BRDA:8,0,0,124
BRDA:8,0,1,36
BRF:2
BRH:2
end_of_record
